2017-03-20 15:39:12.161  INFO 21816 --- [main] com.ryan.commons.CommonsApplication      : Starting CommonsApplication on LeeMuHyeok with PID 21816 (C:\Users\lmhyuks\dev\workspace\commons\target\classes started by lmhyuks in C:\Users\lmhyuks\dev\workspace\commons)
2017-03-20 15:39:12.164  INFO 21816 --- [main] com.ryan.commons.CommonsApplication      : No active profile set, falling back to default profiles: default
2017-03-20 15:39:12.191  INFO 21816 --- [main] ationConfigEmbeddedWebApplicationContext : Refreshing org.springframework.boot.context.embedded.AnnotationConfigEmbeddedWebApplicationContext@4c12331b: startup date [Mon Mar 20 15:39:12 KST 2017]; root of context hierarchy
2017-03-20 15:39:12.289  WARN 21816 --- [main] ationConfigEmbeddedWebApplicationContext : Exception encountered during context initialization - cancelling refresh attempt: org.springframework.context.ApplicationContextException: Unable to start embedded container; nested exception is org.springframework.context.ApplicationContextException: Unable to start EmbeddedWebApplicationContext due to missing EmbeddedServletContainerFactory bean.
2017-03-20 15:39:12.308 ERROR 21816 --- [main] o.s.boot.SpringApplication               : Application startup failed

org.springframework.context.ApplicationContextException: Unable to start embedded container; nested exception is org.springframework.context.ApplicationContextException: Unable to start EmbeddedWebApplicationContext due to missing EmbeddedServletContainerFactory bean.
	at org.springframework.boot.context.embedded.EmbeddedWebApplicationContext.onRefresh(EmbeddedWebApplicationContext.java:137) ~[spring-boot-1.5.2.RELEASE.jar:1.5.2.RELEASE]
	at org.springframework.context.support.AbstractApplicationContext.refresh(AbstractApplicationContext.java:536) ~[spring-context-4.3.7.RELEASE.jar:4.3.7.RELEASE]
	at org.springframework.boot.context.embedded.EmbeddedWebApplicationContext.refresh(EmbeddedWebApplicationContext.java:122) ~[spring-boot-1.5.2.RELEASE.jar:1.5.2.RELEASE]
	at org.springframework.boot.SpringApplication.refresh(SpringApplication.java:737) [spring-boot-1.5.2.RELEASE.jar:1.5.2.RELEASE]
	at org.springframework.boot.SpringApplication.refreshContext(SpringApplication.java:370) [spring-boot-1.5.2.RELEASE.jar:1.5.2.RELEASE]
	at org.springframework.boot.SpringApplication.run(SpringApplication.java:314) [spring-boot-1.5.2.RELEASE.jar:1.5.2.RELEASE]
	at org.springframework.boot.SpringApplication.run(SpringApplication.java:1162) [spring-boot-1.5.2.RELEASE.jar:1.5.2.RELEASE]
	at org.springframework.boot.SpringApplication.run(SpringApplication.java:1151) [spring-boot-1.5.2.RELEASE.jar:1.5.2.RELEASE]
	at com.ryan.commons.CommonsApplication.main(CommonsApplication.java:14) [classes/:na]
Caused by: org.springframework.context.ApplicationContextException: Unable to start EmbeddedWebApplicationContext due to missing EmbeddedServletContainerFactory bean.
	at org.springframework.boot.context.embedded.EmbeddedWebApplicationContext.getEmbeddedServletContainerFactory(EmbeddedWebApplicationContext.java:189) ~[spring-boot-1.5.2.RELEASE.jar:1.5.2.RELEASE]
	at org.springframework.boot.context.embedded.EmbeddedWebApplicationContext.createEmbeddedServletContainer(EmbeddedWebApplicationContext.java:162) ~[spring-boot-1.5.2.RELEASE.jar:1.5.2.RELEASE]
	at org.springframework.boot.context.embedded.EmbeddedWebApplicationContext.onRefresh(EmbeddedWebApplicationContext.java:134) ~[spring-boot-1.5.2.RELEASE.jar:1.5.2.RELEASE]
	... 8 common frames omitted

2017-03-20 15:40:23.596  INFO 22440 --- [main] com.ryan.commons.CommonsApplication      : Starting CommonsApplication on LeeMuHyeok with PID 22440 (C:\Users\lmhyuks\dev\workspace\commons\target\classes started by lmhyuks in C:\Users\lmhyuks\dev\workspace\commons)
2017-03-20 15:40:23.599  INFO 22440 --- [main] com.ryan.commons.CommonsApplication      : No active profile set, falling back to default profiles: default
2017-03-20 15:40:23.618  INFO 22440 --- [main] ationConfigEmbeddedWebApplicationContext : Refreshing org.springframework.boot.context.embedded.AnnotationConfigEmbeddedWebApplicationContext@4c12331b: startup date [Mon Mar 20 15:40:23 KST 2017]; root of context hierarchy
2017-03-20 15:40:23.716  WARN 22440 --- [main] ationConfigEmbeddedWebApplicationContext : Exception encountered during context initialization - cancelling refresh attempt: org.springframework.context.ApplicationContextException: Unable to start embedded container; nested exception is org.springframework.context.ApplicationContextException: Unable to start EmbeddedWebApplicationContext due to missing EmbeddedServletContainerFactory bean.
2017-03-20 15:40:23.732 ERROR 22440 --- [main] o.s.boot.SpringApplication               : Application startup failed

org.springframework.context.ApplicationContextException: Unable to start embedded container; nested exception is org.springframework.context.ApplicationContextException: Unable to start EmbeddedWebApplicationContext due to missing EmbeddedServletContainerFactory bean.
	at org.springframework.boot.context.embedded.EmbeddedWebApplicationContext.onRefresh(EmbeddedWebApplicationContext.java:137) ~[spring-boot-1.5.2.RELEASE.jar:1.5.2.RELEASE]
	at org.springframework.context.support.AbstractApplicationContext.refresh(AbstractApplicationContext.java:536) ~[spring-context-4.3.7.RELEASE.jar:4.3.7.RELEASE]
	at org.springframework.boot.context.embedded.EmbeddedWebApplicationContext.refresh(EmbeddedWebApplicationContext.java:122) ~[spring-boot-1.5.2.RELEASE.jar:1.5.2.RELEASE]
	at org.springframework.boot.SpringApplication.refresh(SpringApplication.java:737) [spring-boot-1.5.2.RELEASE.jar:1.5.2.RELEASE]
	at org.springframework.boot.SpringApplication.refreshContext(SpringApplication.java:370) [spring-boot-1.5.2.RELEASE.jar:1.5.2.RELEASE]
	at org.springframework.boot.SpringApplication.run(SpringApplication.java:314) [spring-boot-1.5.2.RELEASE.jar:1.5.2.RELEASE]
	at org.springframework.boot.SpringApplication.run(SpringApplication.java:1162) [spring-boot-1.5.2.RELEASE.jar:1.5.2.RELEASE]
	at org.springframework.boot.SpringApplication.run(SpringApplication.java:1151) [spring-boot-1.5.2.RELEASE.jar:1.5.2.RELEASE]
	at com.ryan.commons.CommonsApplication.main(CommonsApplication.java:14) [classes/:na]
Caused by: org.springframework.context.ApplicationContextException: Unable to start EmbeddedWebApplicationContext due to missing EmbeddedServletContainerFactory bean.
	at org.springframework.boot.context.embedded.EmbeddedWebApplicationContext.getEmbeddedServletContainerFactory(EmbeddedWebApplicationContext.java:189) ~[spring-boot-1.5.2.RELEASE.jar:1.5.2.RELEASE]
	at org.springframework.boot.context.embedded.EmbeddedWebApplicationContext.createEmbeddedServletContainer(EmbeddedWebApplicationContext.java:162) ~[spring-boot-1.5.2.RELEASE.jar:1.5.2.RELEASE]
	at org.springframework.boot.context.embedded.EmbeddedWebApplicationContext.onRefresh(EmbeddedWebApplicationContext.java:134) ~[spring-boot-1.5.2.RELEASE.jar:1.5.2.RELEASE]
	... 8 common frames omitted

2017-03-20 15:42:19.796  INFO 21968 --- [main] com.ryan.commons.CommonsApplication      : Starting CommonsApplication on LeeMuHyeok with PID 21968 (C:\Users\lmhyuks\dev\workspace\commons\target\classes started by lmhyuks in C:\Users\lmhyuks\dev\workspace\commons)
2017-03-20 15:42:19.798  INFO 21968 --- [main] com.ryan.commons.CommonsApplication      : No active profile set, falling back to default profiles: default
2017-03-20 15:42:19.813  INFO 21968 --- [main] ationConfigEmbeddedWebApplicationContext : Refreshing org.springframework.boot.context.embedded.AnnotationConfigEmbeddedWebApplicationContext@4c12331b: startup date [Mon Mar 20 15:42:19 KST 2017]; root of context hierarchy
2017-03-20 15:42:19.914  WARN 21968 --- [main] ationConfigEmbeddedWebApplicationContext : Exception encountered during context initialization - cancelling refresh attempt: org.springframework.context.ApplicationContextException: Unable to start embedded container; nested exception is org.springframework.context.ApplicationContextException: Unable to start EmbeddedWebApplicationContext due to missing EmbeddedServletContainerFactory bean.
2017-03-20 15:42:19.925 ERROR 21968 --- [main] o.s.boot.SpringApplication               : Application startup failed

org.springframework.context.ApplicationContextException: Unable to start embedded container; nested exception is org.springframework.context.ApplicationContextException: Unable to start EmbeddedWebApplicationContext due to missing EmbeddedServletContainerFactory bean.
	at org.springframework.boot.context.embedded.EmbeddedWebApplicationContext.onRefresh(EmbeddedWebApplicationContext.java:137) ~[spring-boot-1.5.2.RELEASE.jar:1.5.2.RELEASE]
	at org.springframework.context.support.AbstractApplicationContext.refresh(AbstractApplicationContext.java:536) ~[spring-context-4.3.7.RELEASE.jar:4.3.7.RELEASE]
	at org.springframework.boot.context.embedded.EmbeddedWebApplicationContext.refresh(EmbeddedWebApplicationContext.java:122) ~[spring-boot-1.5.2.RELEASE.jar:1.5.2.RELEASE]
	at org.springframework.boot.SpringApplication.refresh(SpringApplication.java:737) [spring-boot-1.5.2.RELEASE.jar:1.5.2.RELEASE]
	at org.springframework.boot.SpringApplication.refreshContext(SpringApplication.java:370) [spring-boot-1.5.2.RELEASE.jar:1.5.2.RELEASE]
	at org.springframework.boot.SpringApplication.run(SpringApplication.java:314) [spring-boot-1.5.2.RELEASE.jar:1.5.2.RELEASE]
	at org.springframework.boot.SpringApplication.run(SpringApplication.java:1162) [spring-boot-1.5.2.RELEASE.jar:1.5.2.RELEASE]
	at org.springframework.boot.SpringApplication.run(SpringApplication.java:1151) [spring-boot-1.5.2.RELEASE.jar:1.5.2.RELEASE]
	at com.ryan.commons.CommonsApplication.main(CommonsApplication.java:14) [classes/:na]
Caused by: org.springframework.context.ApplicationContextException: Unable to start EmbeddedWebApplicationContext due to missing EmbeddedServletContainerFactory bean.
	at org.springframework.boot.context.embedded.EmbeddedWebApplicationContext.getEmbeddedServletContainerFactory(EmbeddedWebApplicationContext.java:189) ~[spring-boot-1.5.2.RELEASE.jar:1.5.2.RELEASE]
	at org.springframework.boot.context.embedded.EmbeddedWebApplicationContext.createEmbeddedServletContainer(EmbeddedWebApplicationContext.java:162) ~[spring-boot-1.5.2.RELEASE.jar:1.5.2.RELEASE]
	at org.springframework.boot.context.embedded.EmbeddedWebApplicationContext.onRefresh(EmbeddedWebApplicationContext.java:134) ~[spring-boot-1.5.2.RELEASE.jar:1.5.2.RELEASE]
	... 8 common frames omitted

2017-03-20 15:47:24.928  INFO 22020 --- [main] com.ryan.commons.CommonsApplication      : Starting CommonsApplication on LeeMuHyeok with PID 22020 (C:\Users\lmhyuks\dev\workspace\commons\target\classes started by lmhyuks in C:\Users\lmhyuks\dev\workspace\commons)
2017-03-20 15:47:24.931  INFO 22020 --- [main] com.ryan.commons.CommonsApplication      : No active profile set, falling back to default profiles: default
2017-03-20 15:47:24.950  INFO 22020 --- [main] ationConfigEmbeddedWebApplicationContext : Refreshing org.springframework.boot.context.embedded.AnnotationConfigEmbeddedWebApplicationContext@411f53a0: startup date [Mon Mar 20 15:47:24 KST 2017]; root of context hierarchy
2017-03-20 15:47:25.031  WARN 22020 --- [main] ationConfigEmbeddedWebApplicationContext : Exception encountered during context initialization - cancelling refresh attempt: org.springframework.context.ApplicationContextException: Unable to start embedded container; nested exception is org.springframework.context.ApplicationContextException: Unable to start EmbeddedWebApplicationContext due to missing EmbeddedServletContainerFactory bean.
2017-03-20 15:47:25.057 ERROR 22020 --- [main] o.s.boot.SpringApplication               : Application startup failed

org.springframework.context.ApplicationContextException: Unable to start embedded container; nested exception is org.springframework.context.ApplicationContextException: Unable to start EmbeddedWebApplicationContext due to missing EmbeddedServletContainerFactory bean.
	at org.springframework.boot.context.embedded.EmbeddedWebApplicationContext.onRefresh(EmbeddedWebApplicationContext.java:137) ~[spring-boot-1.5.2.RELEASE.jar:1.5.2.RELEASE]
	at org.springframework.context.support.AbstractApplicationContext.refresh(AbstractApplicationContext.java:536) ~[spring-context-4.3.7.RELEASE.jar:4.3.7.RELEASE]
	at org.springframework.boot.context.embedded.EmbeddedWebApplicationContext.refresh(EmbeddedWebApplicationContext.java:122) ~[spring-boot-1.5.2.RELEASE.jar:1.5.2.RELEASE]
	at org.springframework.boot.SpringApplication.refresh(SpringApplication.java:737) [spring-boot-1.5.2.RELEASE.jar:1.5.2.RELEASE]
	at org.springframework.boot.SpringApplication.refreshContext(SpringApplication.java:370) [spring-boot-1.5.2.RELEASE.jar:1.5.2.RELEASE]
	at org.springframework.boot.SpringApplication.run(SpringApplication.java:314) [spring-boot-1.5.2.RELEASE.jar:1.5.2.RELEASE]
	at org.springframework.boot.SpringApplication.run(SpringApplication.java:1162) [spring-boot-1.5.2.RELEASE.jar:1.5.2.RELEASE]
	at org.springframework.boot.SpringApplication.run(SpringApplication.java:1151) [spring-boot-1.5.2.RELEASE.jar:1.5.2.RELEASE]
	at com.ryan.commons.CommonsApplication.main(CommonsApplication.java:14) [classes/:na]
Caused by: org.springframework.context.ApplicationContextException: Unable to start EmbeddedWebApplicationContext due to missing EmbeddedServletContainerFactory bean.
	at org.springframework.boot.context.embedded.EmbeddedWebApplicationContext.getEmbeddedServletContainerFactory(EmbeddedWebApplicationContext.java:189) ~[spring-boot-1.5.2.RELEASE.jar:1.5.2.RELEASE]
	at org.springframework.boot.context.embedded.EmbeddedWebApplicationContext.createEmbeddedServletContainer(EmbeddedWebApplicationContext.java:162) ~[spring-boot-1.5.2.RELEASE.jar:1.5.2.RELEASE]
	at org.springframework.boot.context.embedded.EmbeddedWebApplicationContext.onRefresh(EmbeddedWebApplicationContext.java:134) ~[spring-boot-1.5.2.RELEASE.jar:1.5.2.RELEASE]
	... 8 common frames omitted

2017-03-20 15:48:31.996  INFO 20884 --- [main] com.ryan.commons.CommonsApplication      : Starting CommonsApplication on LeeMuHyeok with PID 20884 (C:\Users\lmhyuks\dev\workspace\commons\target\classes started by lmhyuks in C:\Users\lmhyuks\dev\workspace\commons)
2017-03-20 15:48:31.999  INFO 20884 --- [main] com.ryan.commons.CommonsApplication      : No active profile set, falling back to default profiles: default
2017-03-20 15:48:32.051  INFO 20884 --- [main] ationConfigEmbeddedWebApplicationContext : Refreshing org.springframework.boot.context.embedded.AnnotationConfigEmbeddedWebApplicationContext@411f53a0: startup date [Mon Mar 20 15:48:32 KST 2017]; root of context hierarchy
2017-03-20 15:48:33.219  INFO 20884 --- [main] trationDelegate$BeanPostProcessorChecker : Bean 'org.springframework.transaction.annotation.ProxyTransactionManagementConfiguration' of type [org.springframework.transaction.annotation.ProxyTransactionManagementConfiguration$$EnhancerBySpringCGLIB$$666445bd] is not eligible for getting processed by all BeanPostProcessors (for example: not eligible for auto-proxying)
2017-03-20 15:48:33.713  INFO 20884 --- [main] s.b.c.e.t.TomcatEmbeddedServletContainer : Tomcat initialized with port(s): 8070 (http)
2017-03-20 15:48:33.729  INFO 20884 --- [main] o.apache.catalina.core.StandardService   : Starting service Tomcat
2017-03-20 15:48:33.731  INFO 20884 --- [main] org.apache.catalina.core.StandardEngine  : Starting Servlet Engine: Apache Tomcat/8.5.11
2017-03-20 15:48:34.083  INFO 20884 --- [localhost-startStop-1] o.a.c.c.C.[Tomcat].[localhost].[/]       : Initializing Spring embedded WebApplicationContext
2017-03-20 15:48:34.084  INFO 20884 --- [localhost-startStop-1] o.s.web.context.ContextLoader            : Root WebApplicationContext: initialization completed in 2035 ms
2017-03-20 15:48:34.318  INFO 20884 --- [localhost-startStop-1] o.s.b.w.servlet.ServletRegistrationBean  : Mapping servlet: 'dispatcherServlet' to [/]
2017-03-20 15:48:34.321  INFO 20884 --- [localhost-startStop-1] o.s.b.w.servlet.FilterRegistrationBean   : Mapping filter: 'characterEncodingFilter' to: [/*]
2017-03-20 15:48:34.322  INFO 20884 --- [localhost-startStop-1] o.s.b.w.servlet.FilterRegistrationBean   : Mapping filter: 'hiddenHttpMethodFilter' to: [/*]
2017-03-20 15:48:34.322  INFO 20884 --- [localhost-startStop-1] o.s.b.w.servlet.FilterRegistrationBean   : Mapping filter: 'httpPutFormContentFilter' to: [/*]
2017-03-20 15:48:34.323  INFO 20884 --- [localhost-startStop-1] o.s.b.w.servlet.FilterRegistrationBean   : Mapping filter: 'requestContextFilter' to: [/*]
2017-03-20 15:48:34.920  INFO 20884 --- [main] j.LocalContainerEntityManagerFactoryBean : Building JPA container EntityManagerFactory for persistence unit 'default'
2017-03-20 15:48:34.940  INFO 20884 --- [main] o.hibernate.jpa.internal.util.LogHelper  : HHH000204: Processing PersistenceUnitInfo [
	name: default
	...]
2017-03-20 15:48:35.097  INFO 20884 --- [main] org.hibernate.Version                    : HHH000412: Hibernate Core {5.0.12.Final}
2017-03-20 15:48:35.099  INFO 20884 --- [main] org.hibernate.cfg.Environment            : HHH000206: hibernate.properties not found
2017-03-20 15:48:35.101  INFO 20884 --- [main] org.hibernate.cfg.Environment            : HHH000021: Bytecode provider name : javassist
2017-03-20 15:48:35.161  INFO 20884 --- [main] o.hibernate.annotations.common.Version   : HCANN000001: Hibernate Commons Annotations {5.0.1.Final}
2017-03-20 15:48:35.336  INFO 20884 --- [main] org.hibernate.dialect.Dialect            : HHH000400: Using dialect: org.hibernate.dialect.H2Dialect
2017-03-20 15:48:35.615  INFO 20884 --- [main] j.LocalContainerEntityManagerFactoryBean : Initialized JPA EntityManagerFactory for persistence unit 'default'
2017-03-20 15:48:36.005  INFO 20884 --- [main] s.w.s.m.m.a.RequestMappingHandlerAdapter : Looking for @ControllerAdvice: org.springframework.boot.context.embedded.AnnotationConfigEmbeddedWebApplicationContext@411f53a0: startup date [Mon Mar 20 15:48:32 KST 2017]; root of context hierarchy
2017-03-20 15:48:36.101  INFO 20884 --- [main] s.w.s.m.m.a.RequestMappingHandlerMapping : Mapped "{[/test/]}" onto public void com.ryan.commons.web.controller.TestController.testInit()
2017-03-20 15:48:36.104  INFO 20884 --- [main] s.w.s.m.m.a.RequestMappingHandlerMapping : Mapped "{[/error]}" onto public org.springframework.http.ResponseEntity<java.util.Map<java.lang.String, java.lang.Object>> org.springframework.boot.autoconfigure.web.BasicErrorController.error(javax.servlet.http.HttpServletRequest)
2017-03-20 15:48:36.104  INFO 20884 --- [main] s.w.s.m.m.a.RequestMappingHandlerMapping : Mapped "{[/error],produces=[text/html]}" onto public org.springframework.web.servlet.ModelAndView org.springframework.boot.autoconfigure.web.BasicErrorController.errorHtml(javax.servlet.http.HttpServletRequest,javax.servlet.http.HttpServletResponse)
2017-03-20 15:48:36.130  INFO 20884 --- [main] o.s.w.s.handler.SimpleUrlHandlerMapping  : Mapped URL path [/webjars/**] onto handler of type [class org.springframework.web.servlet.resource.ResourceHttpRequestHandler]
2017-03-20 15:48:36.131  INFO 20884 --- [main] o.s.w.s.handler.SimpleUrlHandlerMapping  : Mapped URL path [/**] onto handler of type [class org.springframework.web.servlet.resource.ResourceHttpRequestHandler]
2017-03-20 15:48:36.168  INFO 20884 --- [main] o.s.w.s.handler.SimpleUrlHandlerMapping  : Mapped URL path [/**/favicon.ico] onto handler of type [class org.springframework.web.servlet.resource.ResourceHttpRequestHandler]
2017-03-20 15:48:36.452  INFO 20884 --- [main] o.s.j.e.a.AnnotationMBeanExporter        : Registering beans for JMX exposure on startup
2017-03-20 15:48:36.533  INFO 20884 --- [main] s.b.c.e.t.TomcatEmbeddedServletContainer : Tomcat started on port(s): 8070 (http)
2017-03-20 15:48:36.536  INFO 20884 --- [main] com.ryan.commons.CommonsApplication      : Started CommonsApplication in 4.907 seconds (JVM running for 6.101)
2017-03-20 15:52:11.927  INFO 20884 --- [RMI TCP Connection(10)-10.30.4.71] inMXBeanRegistrar$SpringApplicationAdmin : Application shutdown requested.
2017-03-20 15:52:11.927  INFO 20884 --- [RMI TCP Connection(10)-10.30.4.71] ationConfigEmbeddedWebApplicationContext : Closing org.springframework.boot.context.embedded.AnnotationConfigEmbeddedWebApplicationContext@411f53a0: startup date [Mon Mar 20 15:48:32 KST 2017]; root of context hierarchy
2017-03-20 15:52:11.931  INFO 20884 --- [RMI TCP Connection(10)-10.30.4.71] o.s.j.e.a.AnnotationMBeanExporter        : Unregistering JMX-exposed beans on shutdown
2017-03-20 15:52:11.932  INFO 20884 --- [RMI TCP Connection(10)-10.30.4.71] j.LocalContainerEntityManagerFactoryBean : Closing JPA EntityManagerFactory for persistence unit 'default'
2017-03-20 15:52:18.026  INFO 22404 --- [main] com.ryan.commons.CommonsApplication      : Starting CommonsApplication on LeeMuHyeok with PID 22404 (C:\Users\lmhyuks\dev\workspace\commons\target\classes started by lmhyuks in C:\Users\lmhyuks\dev\workspace\commons)
2017-03-20 15:52:18.029  INFO 22404 --- [main] com.ryan.commons.CommonsApplication      : No active profile set, falling back to default profiles: default
2017-03-20 15:52:18.071  INFO 22404 --- [main] ationConfigEmbeddedWebApplicationContext : Refreshing org.springframework.boot.context.embedded.AnnotationConfigEmbeddedWebApplicationContext@4c12331b: startup date [Mon Mar 20 15:52:18 KST 2017]; root of context hierarchy
2017-03-20 15:52:19.218  INFO 22404 --- [main] trationDelegate$BeanPostProcessorChecker : Bean 'org.springframework.transaction.annotation.ProxyTransactionManagementConfiguration' of type [org.springframework.transaction.annotation.ProxyTransactionManagementConfiguration$$EnhancerBySpringCGLIB$$79945ef7] is not eligible for getting processed by all BeanPostProcessors (for example: not eligible for auto-proxying)
2017-03-20 15:52:19.597  INFO 22404 --- [main] s.b.c.e.t.TomcatEmbeddedServletContainer : Tomcat initialized with port(s): 8070 (http)
2017-03-20 15:52:19.609  INFO 22404 --- [main] o.apache.catalina.core.StandardService   : Starting service Tomcat
2017-03-20 15:52:19.610  INFO 22404 --- [main] org.apache.catalina.core.StandardEngine  : Starting Servlet Engine: Apache Tomcat/8.5.11
2017-03-20 15:52:20.270  INFO 22404 --- [localhost-startStop-1] org.apache.jasper.servlet.TldScanner     : At least one JAR was scanned for TLDs yet contained no TLDs. Enable debug logging for this logger for a complete list of JARs that were scanned but no TLDs were found in them. Skipping unneeded JARs during scanning can improve startup time and JSP compilation time.
2017-03-20 15:52:20.277  INFO 22404 --- [localhost-startStop-1] o.a.c.c.C.[Tomcat].[localhost].[/]       : Initializing Spring embedded WebApplicationContext
2017-03-20 15:52:20.277  INFO 22404 --- [localhost-startStop-1] o.s.web.context.ContextLoader            : Root WebApplicationContext: initialization completed in 2208 ms
2017-03-20 15:52:20.434  INFO 22404 --- [localhost-startStop-1] o.s.b.w.servlet.ServletRegistrationBean  : Mapping servlet: 'dispatcherServlet' to [/]
2017-03-20 15:52:20.438  INFO 22404 --- [localhost-startStop-1] o.s.b.w.servlet.FilterRegistrationBean   : Mapping filter: 'characterEncodingFilter' to: [/*]
2017-03-20 15:52:20.939  INFO 22404 --- [main] j.LocalContainerEntityManagerFactoryBean : Building JPA container EntityManagerFactory for persistence unit 'default'
2017-03-20 15:52:21.025  INFO 22404 --- [main] o.hibernate.jpa.internal.util.LogHelper  : HHH000204: Processing PersistenceUnitInfo [
	name: default
	...]
2017-03-20 15:52:21.101  INFO 22404 --- [main] org.hibernate.Version                    : HHH000412: Hibernate Core {5.0.12.Final}
2017-03-20 15:52:21.102  INFO 22404 --- [main] org.hibernate.cfg.Environment            : HHH000206: hibernate.properties not found
2017-03-20 15:52:21.104  INFO 22404 --- [main] org.hibernate.cfg.Environment            : HHH000021: Bytecode provider name : javassist
2017-03-20 15:52:21.148  INFO 22404 --- [main] o.hibernate.annotations.common.Version   : HCANN000001: Hibernate Commons Annotations {5.0.1.Final}
2017-03-20 15:52:21.261  INFO 22404 --- [main] org.hibernate.dialect.Dialect            : HHH000400: Using dialect: org.hibernate.dialect.H2Dialect
2017-03-20 15:52:21.484  INFO 22404 --- [main] j.LocalContainerEntityManagerFactoryBean : Initialized JPA EntityManagerFactory for persistence unit 'default'
2017-03-20 15:52:21.613  INFO 22404 --- [main] s.w.s.m.m.a.RequestMappingHandlerMapping : Mapped "{[/test/]}" onto public void com.ryan.commons.web.controller.TestController.testInit()
2017-03-20 15:52:21.618  INFO 22404 --- [main] s.w.s.m.m.a.RequestMappingHandlerMapping : Mapped "{[/error]}" onto public org.springframework.http.ResponseEntity<java.util.Map<java.lang.String, java.lang.Object>> org.springframework.boot.autoconfigure.web.BasicErrorController.error(javax.servlet.http.HttpServletRequest)
2017-03-20 15:52:21.619  INFO 22404 --- [main] s.w.s.m.m.a.RequestMappingHandlerMapping : Mapped "{[/error],produces=[text/html]}" onto public org.springframework.web.servlet.ModelAndView org.springframework.boot.autoconfigure.web.BasicErrorController.errorHtml(javax.servlet.http.HttpServletRequest,javax.servlet.http.HttpServletResponse)
2017-03-20 15:52:21.645  INFO 22404 --- [main] o.s.w.s.handler.SimpleUrlHandlerMapping  : Mapped URL path [/**] onto handler of type [class org.springframework.web.servlet.resource.DefaultServletHttpRequestHandler]
2017-03-20 15:52:21.747  INFO 22404 --- [main] s.w.s.m.m.a.RequestMappingHandlerAdapter : Looking for @ControllerAdvice: org.springframework.boot.context.embedded.AnnotationConfigEmbeddedWebApplicationContext@4c12331b: startup date [Mon Mar 20 15:52:18 KST 2017]; root of context hierarchy
2017-03-20 15:52:22.492  INFO 22404 --- [main] o.s.j.e.a.AnnotationMBeanExporter        : Registering beans for JMX exposure on startup
2017-03-20 15:52:22.572  INFO 22404 --- [main] s.b.c.e.t.TomcatEmbeddedServletContainer : Tomcat started on port(s): 8070 (http)
2017-03-20 15:52:22.576  INFO 22404 --- [main] com.ryan.commons.CommonsApplication      : Started CommonsApplication in 4.903 seconds (JVM running for 6.175)
2017-03-20 15:52:57.681  INFO 22404 --- [http-nio-8070-exec-1] o.a.c.c.C.[Tomcat].[localhost].[/]       : Initializing Spring FrameworkServlet 'dispatcherServlet'
2017-03-20 15:52:57.681  INFO 22404 --- [http-nio-8070-exec-1] o.s.web.servlet.DispatcherServlet        : FrameworkServlet 'dispatcherServlet': initialization started
2017-03-20 15:52:57.771  INFO 22404 --- [http-nio-8070-exec-1] o.s.web.servlet.DispatcherServlet        : FrameworkServlet 'dispatcherServlet': initialization completed in 90 ms
2017-03-20 15:53:06.715  INFO 22404 --- [RMI TCP Connection(7)-10.30.4.71] inMXBeanRegistrar$SpringApplicationAdmin : Application shutdown requested.
2017-03-20 15:53:06.716  INFO 22404 --- [RMI TCP Connection(7)-10.30.4.71] ationConfigEmbeddedWebApplicationContext : Closing org.springframework.boot.context.embedded.AnnotationConfigEmbeddedWebApplicationContext@4c12331b: startup date [Mon Mar 20 15:52:18 KST 2017]; root of context hierarchy
2017-03-20 15:53:06.717  INFO 22404 --- [RMI TCP Connection(7)-10.30.4.71] o.s.j.e.a.AnnotationMBeanExporter        : Unregistering JMX-exposed beans on shutdown
2017-03-20 15:53:06.718  INFO 22404 --- [RMI TCP Connection(7)-10.30.4.71] j.LocalContainerEntityManagerFactoryBean : Closing JPA EntityManagerFactory for persistence unit 'default'
2017-03-20 15:53:52.458  INFO 22396 --- [main] com.ryan.commons.CommonsApplication      : Starting CommonsApplication on LeeMuHyeok with PID 22396 (C:\Users\lmhyuks\dev\workspace\commons\target\classes started by lmhyuks in C:\Users\lmhyuks\dev\workspace\commons)
2017-03-20 15:53:52.460  INFO 22396 --- [main] com.ryan.commons.CommonsApplication      : No active profile set, falling back to default profiles: default
2017-03-20 15:53:52.532  INFO 22396 --- [main] ationConfigEmbeddedWebApplicationContext : Refreshing org.springframework.boot.context.embedded.AnnotationConfigEmbeddedWebApplicationContext@4c12331b: startup date [Mon Mar 20 15:53:52 KST 2017]; root of context hierarchy
2017-03-20 15:53:53.690  INFO 22396 --- [main] trationDelegate$BeanPostProcessorChecker : Bean 'org.springframework.transaction.annotation.ProxyTransactionManagementConfiguration' of type [org.springframework.transaction.annotation.ProxyTransactionManagementConfiguration$$EnhancerBySpringCGLIB$$d08e279e] is not eligible for getting processed by all BeanPostProcessors (for example: not eligible for auto-proxying)
2017-03-20 15:53:54.025  INFO 22396 --- [main] s.b.c.e.t.TomcatEmbeddedServletContainer : Tomcat initialized with port(s): 8070 (http)
2017-03-20 15:53:54.040  INFO 22396 --- [main] o.apache.catalina.core.StandardService   : Starting service Tomcat
2017-03-20 15:53:54.041  INFO 22396 --- [main] org.apache.catalina.core.StandardEngine  : Starting Servlet Engine: Apache Tomcat/8.5.11
2017-03-20 15:53:54.654  INFO 22396 --- [localhost-startStop-1] org.apache.jasper.servlet.TldScanner     : At least one JAR was scanned for TLDs yet contained no TLDs. Enable debug logging for this logger for a complete list of JARs that were scanned but no TLDs were found in them. Skipping unneeded JARs during scanning can improve startup time and JSP compilation time.
2017-03-20 15:53:54.660  INFO 22396 --- [localhost-startStop-1] o.a.c.c.C.[Tomcat].[localhost].[/]       : Initializing Spring embedded WebApplicationContext
2017-03-20 15:53:54.660  INFO 22396 --- [localhost-startStop-1] o.s.web.context.ContextLoader            : Root WebApplicationContext: initialization completed in 2129 ms
2017-03-20 15:53:54.855  INFO 22396 --- [localhost-startStop-1] o.s.b.w.servlet.ServletRegistrationBean  : Mapping servlet: 'webServlet' to [/console/*]
2017-03-20 15:53:54.857  INFO 22396 --- [localhost-startStop-1] o.s.b.w.servlet.ServletRegistrationBean  : Mapping servlet: 'dispatcherServlet' to [/]
2017-03-20 15:53:54.860  INFO 22396 --- [localhost-startStop-1] o.s.b.w.servlet.FilterRegistrationBean   : Mapping filter: 'characterEncodingFilter' to: [/*]
2017-03-20 15:53:55.344  INFO 22396 --- [main] j.LocalContainerEntityManagerFactoryBean : Building JPA container EntityManagerFactory for persistence unit 'default'
2017-03-20 15:53:55.359  INFO 22396 --- [main] o.hibernate.jpa.internal.util.LogHelper  : HHH000204: Processing PersistenceUnitInfo [
	name: default
	...]
2017-03-20 15:53:55.491  INFO 22396 --- [main] org.hibernate.Version                    : HHH000412: Hibernate Core {5.0.12.Final}
2017-03-20 15:53:55.493  INFO 22396 --- [main] org.hibernate.cfg.Environment            : HHH000206: hibernate.properties not found
2017-03-20 15:53:55.494  INFO 22396 --- [main] org.hibernate.cfg.Environment            : HHH000021: Bytecode provider name : javassist
2017-03-20 15:53:55.538  INFO 22396 --- [main] o.hibernate.annotations.common.Version   : HCANN000001: Hibernate Commons Annotations {5.0.1.Final}
2017-03-20 15:53:55.654  INFO 22396 --- [main] org.hibernate.dialect.Dialect            : HHH000400: Using dialect: org.hibernate.dialect.H2Dialect
2017-03-20 15:53:55.870  INFO 22396 --- [main] j.LocalContainerEntityManagerFactoryBean : Initialized JPA EntityManagerFactory for persistence unit 'default'
2017-03-20 15:53:55.980  INFO 22396 --- [main] s.w.s.m.m.a.RequestMappingHandlerMapping : Mapped "{[/test/]}" onto public void com.ryan.commons.web.controller.TestController.testInit()
2017-03-20 15:53:55.987  INFO 22396 --- [main] s.w.s.m.m.a.RequestMappingHandlerMapping : Mapped "{[/error]}" onto public org.springframework.http.ResponseEntity<java.util.Map<java.lang.String, java.lang.Object>> org.springframework.boot.autoconfigure.web.BasicErrorController.error(javax.servlet.http.HttpServletRequest)
2017-03-20 15:53:55.988  INFO 22396 --- [main] s.w.s.m.m.a.RequestMappingHandlerMapping : Mapped "{[/error],produces=[text/html]}" onto public org.springframework.web.servlet.ModelAndView org.springframework.boot.autoconfigure.web.BasicErrorController.errorHtml(javax.servlet.http.HttpServletRequest,javax.servlet.http.HttpServletResponse)
2017-03-20 15:53:56.023  INFO 22396 --- [main] o.s.w.s.handler.SimpleUrlHandlerMapping  : Mapped URL path [/**] onto handler of type [class org.springframework.web.servlet.resource.DefaultServletHttpRequestHandler]
2017-03-20 15:53:56.123  INFO 22396 --- [main] s.w.s.m.m.a.RequestMappingHandlerAdapter : Looking for @ControllerAdvice: org.springframework.boot.context.embedded.AnnotationConfigEmbeddedWebApplicationContext@4c12331b: startup date [Mon Mar 20 15:53:52 KST 2017]; root of context hierarchy
2017-03-20 15:53:56.837  INFO 22396 --- [main] o.s.j.e.a.AnnotationMBeanExporter        : Registering beans for JMX exposure on startup
2017-03-20 15:53:56.904  INFO 22396 --- [main] s.b.c.e.t.TomcatEmbeddedServletContainer : Tomcat started on port(s): 8070 (http)
2017-03-20 15:53:56.908  INFO 22396 --- [main] com.ryan.commons.CommonsApplication      : Started CommonsApplication in 4.806 seconds (JVM running for 6.071)
2017-03-20 15:54:01.037  INFO 22396 --- [http-nio-8070-exec-6] o.a.c.c.C.[Tomcat].[localhost].[/]       : Initializing Spring FrameworkServlet 'dispatcherServlet'
2017-03-20 15:54:01.037  INFO 22396 --- [http-nio-8070-exec-6] o.s.web.servlet.DispatcherServlet        : FrameworkServlet 'dispatcherServlet': initialization started
2017-03-20 15:54:01.070  INFO 22396 --- [http-nio-8070-exec-6] o.s.web.servlet.DispatcherServlet        : FrameworkServlet 'dispatcherServlet': initialization completed in 33 ms
2017-03-20 16:00:52.837  INFO 22396 --- [RMI TCP Connection(13)-10.30.4.71] inMXBeanRegistrar$SpringApplicationAdmin : Application shutdown requested.
2017-03-20 16:00:52.837  INFO 22396 --- [RMI TCP Connection(13)-10.30.4.71] ationConfigEmbeddedWebApplicationContext : Closing org.springframework.boot.context.embedded.AnnotationConfigEmbeddedWebApplicationContext@4c12331b: startup date [Mon Mar 20 15:53:52 KST 2017]; root of context hierarchy
2017-03-20 16:00:52.838  INFO 22396 --- [RMI TCP Connection(13)-10.30.4.71] o.s.j.e.a.AnnotationMBeanExporter        : Unregistering JMX-exposed beans on shutdown
2017-03-20 16:00:52.839  INFO 22396 --- [RMI TCP Connection(13)-10.30.4.71] j.LocalContainerEntityManagerFactoryBean : Closing JPA EntityManagerFactory for persistence unit 'default'
